2023.02.19 20:51:43 INFO  tracing is disabled for protocol LSP, to enable tracing of incoming and outgoing JSON messages create an empty file at c:\Users\User\Desktop\FYP\MA\CarServiceManagement\.metals\lsp.trace.json or C:\Users\User\AppData\Local\scalameta\metals\cache\lsp.trace.json
2023.02.19 20:51:44 INFO  logging to file C:\Users\User\Desktop\FYP\MA\CarServiceManagement\.metals\metals.log
2023.02.19 20:51:44 INFO  Started: Metals version 0.11.10 in workspace 'C:\Users\User\Desktop\FYP\MA\CarServiceManagement' for client Visual Studio Code 1.75.1.
SLF4J: No SLF4J providers were found.
SLF4J: Defaulting to no-operation (NOP) logger implementation
SLF4J: See https://www.slf4j.org/codes.html#noProviders for further details.
SLF4J: Class path contains SLF4J bindings targeting slf4j-api versions 1.7.x or earlier.
SLF4J: Ignoring binding found at [jar:file:/C:/Users/User/AppData/Local/Coursier/cache/v1/https/repo1.maven.org/maven2/com/outr/scribe-slf4j_2.13/3.10.5/scribe-slf4j_2.13-3.10.5.jar!/org/slf4j/impl/StaticLoggerBinder.class]
SLF4J: See https://www.slf4j.org/codes.html#ignoredBindings for an explanation.
2023.02.19 20:51:47 INFO  time: initialize in 3.07s
2023.02.19 20:51:50 WARN  Build server is not auto-connectable.
2023.02.19 20:51:50 WARN  no build tool detected in workspace 'C:\Users\User\Desktop\FYP\MA\CarServiceManagement'. The most common cause for this problem is that the editor was opened in the wrong working directory, for example if you use sbt then the workspace directory should contain build.sbt. 
Feb 19, 2023 8:53:05 PM org.eclipse.lsp4j.jsonrpc.services.GenericEndpoint notify
INFO: Unsupported notification method: $/setTrace
Feb 19, 2023 8:53:37 PM org.eclipse.lsp4j.jsonrpc.services.GenericEndpoint notify
INFO: Unsupported notification method: $/setTrace
Feb 19, 2023 8:53:38 PM org.eclipse.lsp4j.jsonrpc.services.GenericEndpoint notify
INFO: Unsupported notification method: $/setTrace
Feb 19, 2023 8:54:32 PM org.eclipse.lsp4j.jsonrpc.services.GenericEndpoint notify
INFO: Unsupported notification method: $/setTrace
2023.02.19 21:29:25 INFO  shutting down Metals
